Command line:
   t_tffr_isim_beh.exe
     -simmode  gui
     -simrunnum  0
     -socket  57865

Mon Mar 23 13:32:22 2020


 Elaboration Time: 0.09375 sec

 Current Memory Usage: 838.103 Meg

 Total Signals          : 7
 Total Nets             : 4
 Total Signal Drivers   : 4
 Total Blocks           : 3
 Total Primitive Blocks : 2
 Total Processes        : 3
 Total Traceable Variables  : 8
 Total Scalar Nets and Variables : 364
Total Line Count : 21

 Total Simulation Time: 0.171875 sec

 Current Memory Usage: 365.457 Meg

Mon Mar 23 14:23:24 2020

